<?xml version="1.0" encoding="UTF-8"?>
<robot generator="Robot 5.0.1 (Python 3.10.7 on win32)" generated="20230603 18:07:08.844" rpa="false" schemaversion="3">
<suite id="s1" name="Casos" source="C:\Users\p-acana\Desktop\TFG\casosTFG\test_cases\casos.robot">
<test id="s1-t1" name="Aceptar invitacion a campaña" line="146">
<kw name="Open Browser" library="SeleniumLibrary">
<arg>http://localhost/tfg/Login/Login.html</arg>
<arg>chrome</arg>
<arg>executable_path=${DRIVER}</arg>
<doc>Opens a new browser instance to the optional ``url``.</doc>
<msg timestamp="20230603 18:07:09.039" level="INFO">Opening browser 'chrome' to base url 'http://localhost/tfg/Login/Login.html'.</msg>
<status status="PASS" starttime="20230603 18:07:09.039" endtime="20230603 18:07:10.208"/>
</kw>
<kw name="Maximize Browser Window" library="SeleniumLibrary">
<doc>Maximizes current browser window.</doc>
<status status="PASS" starttime="20230603 18:07:10.208" endtime="20230603 18:07:10.328"/>
</kw>
<kw name="Set Selenium Implicit Wait" library="SeleniumLibrary">
<arg>10</arg>
<doc>Sets the implicit wait value used by Selenium.</doc>
<status status="PASS" starttime="20230603 18:07:10.328" endtime="20230603 18:07:10.329"/>
</kw>
<kw name="Set Selenium Speed" library="SeleniumLibrary">
<arg>.1s</arg>
<doc>Sets the delay that is waited after each Selenium command.</doc>
<status status="PASS" starttime="20230603 18:07:10.329" endtime="20230603 18:07:10.329"/>
</kw>
<kw name="Element Should Be Visible" library="SeleniumLibrary">
<arg>//input[contains(@value,'Iniciar sesion')]</arg>
<doc>Verifies that the element identified by ``locator`` is visible.</doc>
<msg timestamp="20230603 18:07:10.607" level="INFO">Element '//input[contains(@value,'Iniciar sesion')]' is displayed.</msg>
<status status="PASS" starttime="20230603 18:07:10.329" endtime="20230603 18:07:10.607"/>
</kw>
<kw name="Input Text" library="SeleniumLibrary">
<arg>//input[contains(@id,'username')]</arg>
<arg>alvaro</arg>
<doc>Types the given ``text`` into the text field identified by ``locator``.</doc>
<msg timestamp="20230603 18:07:10.609" level="INFO">Typing text 'alvaro' into text field '//input[contains(@id,'username')]'.</msg>
<status status="PASS" starttime="20230603 18:07:10.608" endtime="20230603 18:07:11.074"/>
</kw>
<kw name="Sleep" library="BuiltIn">
<arg>1</arg>
<doc>Pauses the test executed for the given time.</doc>
<msg timestamp="20230603 18:07:12.080" level="INFO">Slept 1 second</msg>
<status status="PASS" starttime="20230603 18:07:11.077" endtime="20230603 18:07:12.080"/>
</kw>
<kw name="Input Text" library="SeleniumLibrary">
<arg>//input[contains(@id,'password')]</arg>
<arg>123</arg>
<doc>Types the given ``text`` into the text field identified by ``locator``.</doc>
<msg timestamp="20230603 18:07:12.081" level="INFO">Typing text '123' into text field '//input[contains(@id,'password')]'.</msg>
<status status="PASS" starttime="20230603 18:07:12.081" endtime="20230603 18:07:12.476"/>
</kw>
<kw name="Sleep" library="BuiltIn">
<arg>1</arg>
<doc>Pauses the test executed for the given time.</doc>
<msg timestamp="20230603 18:07:13.481" level="INFO">Slept 1 second</msg>
<status status="PASS" starttime="20230603 18:07:12.476" endtime="20230603 18:07:13.481"/>
</kw>
<kw name="Click Element" library="SeleniumLibrary">
<arg>//input[@value='Iniciar sesion']</arg>
<doc>Click the element identified by ``locator``.</doc>
<msg timestamp="20230603 18:07:13.482" level="INFO">Clicking element '//input[@value='Iniciar sesion']'.</msg>
<status status="PASS" starttime="20230603 18:07:13.482" endtime="20230603 18:07:13.856"/>
</kw>
<kw name="Element Should Be Visible" library="SeleniumLibrary">
<arg>//a[@href='Login.html'][contains(.,'Cerrar Sesión')]</arg>
<doc>Verifies that the element identified by ``locator`` is visible.</doc>
<msg timestamp="20230603 18:07:14.109" level="INFO">Element '//a[@href='Login.html'][contains(.,'Cerrar Sesión')]' is displayed.</msg>
<status status="PASS" starttime="20230603 18:07:13.856" endtime="20230603 18:07:14.109"/>
</kw>
<kw name="Sleep" library="BuiltIn">
<arg>2</arg>
<doc>Pauses the test executed for the given time.</doc>
<msg timestamp="20230603 18:07:16.124" level="INFO">Slept 2 seconds</msg>
<status status="PASS" starttime="20230603 18:07:14.110" endtime="20230603 18:07:16.124"/>
</kw>
<kw name="Click Button" library="SeleniumLibrary">
<arg>//button[@class='menu-button']</arg>
<doc>Clicks the button identified by ``locator``.</doc>
<msg timestamp="20230603 18:07:16.126" level="INFO">Clicking button '//button[@class='menu-button']'.</msg>
<status status="PASS" starttime="20230603 18:07:16.125" endtime="20230603 18:07:16.733"/>
</kw>
<kw name="Sleep" library="BuiltIn">
<arg>1</arg>
<doc>Pauses the test executed for the given time.</doc>
<msg timestamp="20230603 18:07:17.742" level="INFO">Slept 1 second</msg>
<status status="PASS" starttime="20230603 18:07:16.734" endtime="20230603 18:07:17.742"/>
</kw>
<kw name="Click Element" library="SeleniumLibrary">
<arg>//a[@href='../campaña/aceptarInvitaciones/aceptarInvitaciones.php']</arg>
<doc>Click the element identified by ``locator``.</doc>
<msg timestamp="20230603 18:07:17.743" level="INFO">Clicking element '//a[@href='../campaña/aceptarInvitaciones/aceptarInvitaciones.php']'.</msg>
<status status="PASS" starttime="20230603 18:07:17.742" endtime="20230603 18:07:18.087"/>
</kw>
<kw name="Element Should Be Visible" library="SeleniumLibrary">
<arg>(//button[@type='submit'])[1]</arg>
<doc>Verifies that the element identified by ``locator`` is visible.</doc>
<msg timestamp="20230603 18:07:18.340" level="INFO">Element '(//button[@type='submit'])[1]' is displayed.</msg>
<status status="PASS" starttime="20230603 18:07:18.088" endtime="20230603 18:07:18.340"/>
</kw>
<kw name="Sleep" library="BuiltIn">
<arg>1</arg>
<doc>Pauses the test executed for the given time.</doc>
<msg timestamp="20230603 18:07:19.346" level="INFO">Slept 1 second</msg>
<status status="PASS" starttime="20230603 18:07:18.341" endtime="20230603 18:07:19.346"/>
</kw>
<kw name="Click Button" library="SeleniumLibrary">
<arg>(//button[@type='submit'])[1]</arg>
<doc>Clicks the button identified by ``locator``.</doc>
<msg timestamp="20230603 18:07:19.349" level="INFO">Clicking button '(//button[@type='submit'])[1]'.</msg>
<status status="PASS" starttime="20230603 18:07:19.348" endtime="20230603 18:07:20.021"/>
</kw>
<doc>Aceptar invitacion a la campaña</doc>
<tag>AceptarCampaña</tag>
<status status="PASS" starttime="20230603 18:07:09.038" endtime="20230603 18:07:20.022"/>
</test>
<status status="PASS" starttime="20230603 18:07:08.845" endtime="20230603 18:07:20.027"/>
</suite>
<statistics>
<total>
<stat pass="1" fail="0" skip="0">All Tests</stat>
</total>
<tag>
<stat pass="1" fail="0" skip="0">AceptarCampaña</stat>
</tag>
<suite>
<stat pass="1" fail="0" skip="0" id="s1" name="Casos">Casos</stat>
</suite>
</statistics>
<errors>
</errors>
</robot>
