<?xml version="1.0" encoding="UTF-8"?>
<robot generator="Robot 5.0.1 (Python 3.10.7 on win32)" generated="20230531 19:15:11.398" rpa="false" schemaversion="3">
<suite id="s1" name="Casos" source="C:\Users\p-acana\PycharmProjects\casosTFG\test_cases\casos.robot">
<test id="s1-t1" name="registrar usuario" line="11">
<kw name="Open Browser" library="SeleniumLibrary">
<arg>http://localhost/tfg/Login/Login.html</arg>
<arg>chrome</arg>
<arg>executable_path=${DRIVER}</arg>
<doc>Opens a new browser instance to the optional ``url``.</doc>
<msg timestamp="20230531 19:15:11.861" level="INFO">Opening browser 'chrome' to base url 'http://localhost/tfg/Login/Login.html'.</msg>
<status status="PASS" starttime="20230531 19:15:11.861" endtime="20230531 19:15:13.509"/>
</kw>
<kw name="Maximize Browser Window" library="SeleniumLibrary">
<doc>Maximizes current browser window.</doc>
<status status="PASS" starttime="20230531 19:15:13.510" endtime="20230531 19:15:13.634"/>
</kw>
<kw name="Set Selenium Implicit Wait" library="SeleniumLibrary">
<arg>10</arg>
<doc>Sets the implicit wait value used by Selenium.</doc>
<status status="PASS" starttime="20230531 19:15:13.635" endtime="20230531 19:15:13.639"/>
</kw>
<kw name="Set Selenium Speed" library="SeleniumLibrary">
<arg>.1s</arg>
<doc>Sets the delay that is waited after each Selenium command.</doc>
<status status="PASS" starttime="20230531 19:15:13.639" endtime="20230531 19:15:13.639"/>
</kw>
<kw name="Element Should Be Visible" library="SeleniumLibrary">
<arg>//a[@href='../registro/registro.html'][contains(.,'Nuevo usuario?')]</arg>
<doc>Verifies that the element identified by ``locator`` is visible.</doc>
<msg timestamp="20230531 19:15:14.087" level="INFO">Element '//a[@href='../registro/registro.html'][contains(.,'Nuevo usuario?')]' is displayed.</msg>
<status status="PASS" starttime="20230531 19:15:13.639" endtime="20230531 19:15:14.087"/>
</kw>
<kw name="Sleep" library="BuiltIn">
<arg>1</arg>
<doc>Pauses the test executed for the given time.</doc>
<msg timestamp="20230531 19:15:15.094" level="INFO">Slept 1 second</msg>
<status status="PASS" starttime="20230531 19:15:14.087" endtime="20230531 19:15:15.094"/>
</kw>
<kw name="Click Element" library="SeleniumLibrary">
<arg>//a[@href='../registro/registro.html'][contains(.,'Nuevo usuario?')]</arg>
<doc>Click the element identified by ``locator``.</doc>
<msg timestamp="20230531 19:15:15.096" level="INFO">Clicking element '//a[@href='../registro/registro.html'][contains(.,'Nuevo usuario?')]'.</msg>
<status status="PASS" starttime="20230531 19:15:15.096" endtime="20230531 19:15:15.541"/>
</kw>
<kw name="Sleep" library="BuiltIn">
<arg>1</arg>
<doc>Pauses the test executed for the given time.</doc>
<msg timestamp="20230531 19:15:16.550" level="INFO">Slept 1 second</msg>
<status status="PASS" starttime="20230531 19:15:15.542" endtime="20230531 19:15:16.551"/>
</kw>
<kw name="Element Should Be Visible" library="SeleniumLibrary">
<arg>//input[contains(@id,'username')]</arg>
<doc>Verifies that the element identified by ``locator`` is visible.</doc>
<msg timestamp="20230531 19:15:16.817" level="INFO">Element '//input[contains(@id,'username')]' is displayed.</msg>
<status status="PASS" starttime="20230531 19:15:16.551" endtime="20230531 19:15:16.817"/>
</kw>
<kw name="Input Text" library="SeleniumLibrary">
<arg>//input[contains(@id,'username')]</arg>
<arg>usuarioPrueba1</arg>
<doc>Types the given ``text`` into the text field identified by ``locator``.</doc>
<msg timestamp="20230531 19:15:16.819" level="INFO">Typing text 'usuarioPrueba1' into text field '//input[contains(@id,'username')]'.</msg>
<status status="PASS" starttime="20230531 19:15:16.818" endtime="20230531 19:15:17.313"/>
</kw>
<kw name="Sleep" library="BuiltIn">
<arg>1</arg>
<doc>Pauses the test executed for the given time.</doc>
<msg timestamp="20230531 19:15:18.324" level="INFO">Slept 1 second</msg>
<status status="PASS" starttime="20230531 19:15:17.313" endtime="20230531 19:15:18.324"/>
</kw>
<kw name="Input Text" library="SeleniumLibrary">
<arg>//input[@id='password']</arg>
<arg>123</arg>
<doc>Types the given ``text`` into the text field identified by ``locator``.</doc>
<msg timestamp="20230531 19:15:18.324" level="INFO">Typing text '123' into text field '//input[@id='password']'.</msg>
<status status="PASS" starttime="20230531 19:15:18.324" endtime="20230531 19:15:18.723"/>
</kw>
<kw name="Sleep" library="BuiltIn">
<arg>1</arg>
<doc>Pauses the test executed for the given time.</doc>
<msg timestamp="20230531 19:15:19.734" level="INFO">Slept 1 second</msg>
<status status="PASS" starttime="20230531 19:15:18.723" endtime="20230531 19:15:19.734"/>
</kw>
<kw name="Input Text" library="SeleniumLibrary">
<arg>//input[contains(@id,'Rpassword')]</arg>
<arg>123</arg>
<doc>Types the given ``text`` into the text field identified by ``locator``.</doc>
<msg timestamp="20230531 19:15:19.735" level="INFO">Typing text '123' into text field '//input[contains(@id,'Rpassword')]'.</msg>
<status status="PASS" starttime="20230531 19:15:19.734" endtime="20230531 19:15:20.165"/>
</kw>
<kw name="Sleep" library="BuiltIn">
<arg>1</arg>
<doc>Pauses the test executed for the given time.</doc>
<msg timestamp="20230531 19:15:21.167" level="INFO">Slept 1 second</msg>
<status status="PASS" starttime="20230531 19:15:20.166" endtime="20230531 19:15:21.167"/>
</kw>
<kw name="Click Element" library="SeleniumLibrary">
<arg>//input[@value='Registrarse']</arg>
<doc>Click the element identified by ``locator``.</doc>
<msg timestamp="20230531 19:15:21.168" level="INFO">Clicking element '//input[@value='Registrarse']'.</msg>
<status status="PASS" starttime="20230531 19:15:21.168" endtime="20230531 19:15:21.488"/>
</kw>
<kw name="Sleep" library="BuiltIn">
<arg>3</arg>
<doc>Pauses the test executed for the given time.</doc>
<msg timestamp="20230531 19:15:24.497" level="INFO">Slept 3 seconds</msg>
<status status="PASS" starttime="20230531 19:15:21.488" endtime="20230531 19:15:24.497"/>
</kw>
<kw name="Close Browser" library="SeleniumLibrary">
<doc>Closes the current browser.</doc>
<status status="PASS" starttime="20230531 19:15:24.498" endtime="20230531 19:15:26.700"/>
</kw>
<doc>Registro de un usuario comun</doc>
<tag>registroDeUsuario</tag>
<status status="PASS" starttime="20230531 19:15:11.860" endtime="20230531 19:15:26.702"/>
</test>
<status status="PASS" starttime="20230531 19:15:11.403" endtime="20230531 19:15:26.706"/>
</suite>
<statistics>
<total>
<stat pass="1" fail="0" skip="0">All Tests</stat>
</total>
<tag>
<stat pass="1" fail="0" skip="0">registroDeUsuario</stat>
</tag>
<suite>
<stat pass="1" fail="0" skip="0" id="s1" name="Casos">Casos</stat>
</suite>
</statistics>
<errors>
</errors>
</robot>
